<?xml version="1.0" encoding="UTF-8"?>
<!-- Generated by org.testng.reporters.JUnitXMLReporter -->
<testsuite ignored="0" hostname="DESKTOP-1FTEEH8" failures="0" tests="3" name="Default test" time="0.135" errors="0" timestamp="2023-03-26T17:54:32 IST">
  <testcase classname="com.amazon.testing.Test8" name="login" time="0.011"/>
  <testcase classname="com.amazon.testing.Test8" name="login" time="0.012"/>
  <testcase classname="com.amazon.testing.Test8" name="login" time="0.003"/>
</testsuite> <!-- Default test -->
