<?xml version="1.0" encoding="UTF-8"?>
<!-- Generated by org.testng.reporters.JUnitXMLReporter -->
<testsuite ignored="0" hostname="DESKTOP-1FTEEH8" failures="0" tests="13" name="Test" time="0.259" errors="0" timestamp="2022-08-20T05:52:49 IST">
  <testcase classname="com.amazon.testing.Test3" name="signup" time="0.039"/>
  <testcase classname="com.amazon.testing.Test3" name="login" time="0.04"/>
  <testcase classname="com.amazon.testing.Test4" name="saysomething" time="0.038"/>
  <testcase classname="com.amazon.testing.Test3" name="homepage" time="0.062"/>
  <testcase classname="com.amazon.testing.Test2" name="signup" time="0.062"/>
  <testcase classname="com.amazon.testing.Test3" name="shippingdetails" time="0.004"/>
  <testcase classname="com.amazon.testing.Test2" name="login" time="0.003"/>
  <testcase classname="com.amazon.testing.Test2" name="homepage" time="0.003"/>
  <testcase classname="com.amazon.testing.Test3" name="bookscategory" time="0.035"/>
  <testcase classname="com.amazon.testing.Test3" name="productDP" time="0.046"/>
  <testcase classname="com.amazon.testing.Test2" name="shoecategory" time="0.004"/>
  <testcase classname="com.amazon.testing.Test2" name="productDP" time="0.005"/>
  <testcase classname="com.amazon.testing.Test2" name="shippingdetails" time="0.002"/>
</testsuite> <!-- Test -->
