<?xml version="1.0" encoding="UTF-8"?>
<!-- Generated by org.testng.reporters.JUnitXMLReporter -->
<testsuite ignored="0" hostname="DESKTOP-1FTEEH8" failures="0" tests="28" name="Test1" time="0.508" errors="0" timestamp="2023-03-26T23:51:05 IST">
  <testcase classname="com.amazon.testing.Test1" name="homepage" time="0.02"/>
  <testcase classname="com.amazon.testing.Test4" name="saysomething" time="0.019"/>
  <testcase classname="com.amazon.testing.Test1" name="productDP" time="0.021"/>
  <testcase classname="com.amazon.testing.Test1" name="mobilecategory" time="0.049"/>
  <testcase classname="com.amazon.testing.Test1" name="login" time="0.064"/>
  <testcase classname="com.amazon.testing.Test2" name="signup" time="0.023"/>
  <testcase classname="com.amazon.testing.Test1" name="signup" time="0.058"/>
  <testcase classname="com.amazon.testing.Test3" name="login" time="0.012"/>
  <testcase classname="com.amazon.testing.Test3" name="homepage" time="0.007"/>
  <testcase classname="com.amazon.testing.Test3" name="bookscategory" time="0.026"/>
  <testcase classname="com.amazon.testing.Test3" name="productDP" time="0.005"/>
  <testcase classname="com.amazon.testing.Test3" name="shippingdetails" time="0.008"/>
  <testcase classname="com.amazon.testing.Test1" name="shippingdetails" time="0.199"/>
  <testcase classname="com.amazon.testing.Test4" name="saysomething" time="0.004"/>
  <testcase classname="com.amazon.testing.Test4" name="saysomething" time="0.003"/>
  <testcase classname="com.amazon.testing.Test4" name="saysomething" time="0.003"/>
  <testcase classname="com.amazon.testing.Test4" name="saysomething" time="0.005"/>
  <testcase classname="com.amazon.testing.Test2" name="login" time="0.056"/>
  <testcase classname="com.amazon.testing.Test3" name="signup" time="0.232"/>
  <testcase classname="com.amazon.testing.Test2" name="homepage" time="0.015"/>
  <testcase classname="com.amazon.testing.Test4" name="saysomething" time="0.003"/>
  <testcase classname="com.amazon.testing.Test4" name="saysomething" time="0.004"/>
  <testcase classname="com.amazon.testing.Test4" name="saysomething" time="0.003"/>
  <testcase classname="com.amazon.testing.Test4" name="saysomething" time="0.005"/>
  <testcase classname="com.amazon.testing.Test4" name="saysomething" time="0.002"/>
  <testcase classname="com.amazon.testing.Test2" name="shoecategory" time="0.029"/>
  <testcase classname="com.amazon.testing.Test2" name="productDP" time="0.002"/>
  <testcase classname="com.amazon.testing.Test2" name="shippingdetails" time="0.007"/>
</testsuite> <!-- Test1 -->
