<?xml version="1.0" encoding="UTF-8"?>
<testsuite name="Test1"
           tests="6"
           failures="0"
           errors="0"
           skipped="0"
           time="0.290">
  <properties />
  
  
            <testcase name="signup" time="0.232" classname="com.amazon.testing.Test3" />
                <testcase name="productDP" time="0.005" classname="com.amazon.testing.Test3" />
                <testcase name="homepage" time="0.007" classname="com.amazon.testing.Test3" />
                <testcase name="shippingdetails" time="0.008" classname="com.amazon.testing.Test3" />
                <testcase name="login" time="0.012" classname="com.amazon.testing.Test3" />
                <testcase name="bookscategory" time="0.026" classname="com.amazon.testing.Test3" />
      
</testsuite>
