<?xml version="1.0" encoding="UTF-8"?>
<testsuite name="Test1"
           tests="10"
           failures="0"
           errors="0"
           skipped="0"
           time="0.051">
  <properties />
  
  
            <testcase name="saysomething" time="0.004" classname="com.amazon.testing.Test4" />
                <testcase name="saysomething" time="0.003" classname="com.amazon.testing.Test4" />
                <testcase name="saysomething" time="0.005" classname="com.amazon.testing.Test4" />
                <testcase name="saysomething" time="0.019" classname="com.amazon.testing.Test4" />
                <testcase name="saysomething" time="0.004" classname="com.amazon.testing.Test4" />
                <testcase name="saysomething" time="0.005" classname="com.amazon.testing.Test4" />
                <testcase name="saysomething" time="0.003" classname="com.amazon.testing.Test4" />
                <testcase name="saysomething" time="0.003" classname="com.amazon.testing.Test4" />
                <testcase name="saysomething" time="0.002" classname="com.amazon.testing.Test4" />
                <testcase name="saysomething" time="0.003" classname="com.amazon.testing.Test4" />
      
</testsuite>
