<?xml version="1.0" encoding="UTF-8"?>
<testsuite name="Test1"
           tests="4"
           failures="1"
           errors="0"
           skipped="3"
           time="0.105">
  <properties />
            <testcase name="testLoginForPersonalAccount" time="0.015" classname="com.gmail.tests.TestLoginAndSignUp1">
                <failure type="java.lang.NullPointerException"
                  message="Cannot invoke &quot;com.gmail.pageobject.LoginAndSignup1.createAccountForPersonalUse(String, String, String, String)&quot; because &quot;this.loginSignup&quot; is null"
              >
<![CDATA[java.lang.NullPointerException: Cannot invoke "com.gmail.pageobject.LoginAndSignup1.createAccountForPersonalUse(String, String, String, String)" because "this.loginSignup" is null
  com.gmail.tests.TestLoginAndSignUp1.testLoginForPersonalAccount(TestLoginAndSignUp1.java:49)
  java.base/jdk.internal.reflect.DirectMethodHandleAccessor.invoke(DirectMethodHandleAccessor.java:104)
  java.base/java.lang.reflect.Method.invoke(Method.java:577)
  org.testng.internal.MethodInvocationHelper.invokeMethod(MethodInvocationHelper.java:133)
  org.testng.internal.TestInvoker.invokeMethod(TestInvoker.java:598)
  org.testng.internal.TestInvoker.retryFailed(TestInvoker.java:213)
  org.testng.internal.MethodRunner.runInSequence(MethodRunner.java:58)
  org.testng.internal.TestInvoker$MethodInvocationAgent.invoke(TestInvoker.java:824)
  org.testng.internal.TestInvoker.invokeTestMethods(TestInvoker.java:146)
  org.testng.internal.TestMethodWorker.invokeTestMethods(TestMethodWorker.java:146)
  org.testng.internal.TestMethodWorker.run(TestMethodWorker.java:128)
  java.base/java.util.concurrent.ThreadPoolExecutor.runWorker(ThreadPoolExecutor.java:1136)
  java.base/java.util.concurrent.ThreadPoolExecutor$Worker.run(ThreadPoolExecutor.java:635)
  java.base/java.lang.Thread.run(Thread.java:833)
]]>
      </failure>

          </testcase>
  
            <testcase name="testLoginForPersonalAccount" time="0.0" classname="com.gmail.tests.TestLoginAndSignUp1">
          <skipped />
    </testcase>
            <testcase name="testLoginForPersonalAccount" time="0.0" classname="com.gmail.tests.TestLoginAndSignUp1">
          <skipped />
    </testcase>
            <testcase name="testLoginForPersonalAccount" time="0.0" classname="com.gmail.tests.TestLoginAndSignUp1">
          <skipped />
    </testcase>
  
  
</testsuite>
